<?xml version="1.0" encoding="UTF-8"?>
<testsuite name="CryptoSquareTest" tests="8" skipped="0" failures="0" errors="0" timestamp="2024-11-17T05:55:47" hostname="DESKTOP-IOCCQL8" time="0.151">
  <properties/>
  <testcase name="punctuationIsRemovedDuringEncryption()" classname="CryptoSquareTest" time="0.121"/>
  <testcase name="fiftyFourCharacterPlaintextResultsInSevenChunksWithTrailingSpaces()" classname="CryptoSquareTest" time="0.002"/>
  <testcase name="emptyPlaintextResultsInEmptyCiphertext()" classname="CryptoSquareTest" time="0.002"/>
  <testcase name="normalizationResultsInEmptyCiphertext()" classname="CryptoSquareTest" time="0.002"/>
  <testcase name="nineCharacterPlaintextResultsInThreeChunksOfThreeCharacters()" classname="CryptoSquareTest" time="0.002"/>
  <testcase name="spacesAreRemovedDuringEncryption()" classname="CryptoSquareTest" time="0.001"/>
  <testcase name="lettersAreLowerCasedDuringEncryption()" classname="CryptoSquareTest" time="0.002"/>
  <testcase name="eightCharacterPlaintextResultsInThreeChunksWithATrailingSpace()" classname="CryptoSquareTest" time="0.002"/>
  <system-out><![CDATA[]]></system-out>
  <system-err><![CDATA[]]></system-err>
</testsuite>
