<?xml version="1.0" encoding="UTF-8"?>
<testsuite name="GraphTest" tests="7" skipped="0" failures="0" errors="0" timestamp="2024-11-01T15:48:13" hostname="DESKTOP-IOCCQL8" time="0.142">
  <properties/>
  <testcase name="empty graph" classname="GraphTest" time="0.114"/>
  <testcase name="graph with attributes" classname="GraphTest" time="0.005"/>
  <testcase name="graph with one edge with keywords" classname="GraphTest" time="0.004"/>
  <testcase name="graph with one edge" classname="GraphTest" time="0.004"/>
  <testcase name="graph with one node" classname="GraphTest" time="0.001"/>
  <testcase name="graph with one attribute" classname="GraphTest" time="0.001"/>
  <testcase name="graph with one node with keywords" classname="GraphTest" time="0.001"/>
  <system-out><![CDATA[]]></system-out>
  <system-err><![CDATA[]]></system-err>
</testsuite>
