<?xml version="1.0" encoding="UTF-8"?>
<testsuite name="DoublyLinkedListTest" tests="8" skipped="0" failures="0" errors="0" timestamp="2024-11-09T20:28:51" hostname="DESKTOP-IOCCQL8" time="0.183">
  <properties/>
  <testcase name="unshiftAddsElementAtStartOfTheList()" classname="DoublyLinkedListTest" time="0.156"/>
  <testcase name="pushAndPopRespectivelyAddsAndRemovesAtEndOfList()" classname="DoublyLinkedListTest" time="0.001"/>
  <testcase name="popGetsElementFromTheList()" classname="DoublyLinkedListTest" time="0.001"/>
  <testcase name="shiftingToEmptyDoesNotBreakTheList()" classname="DoublyLinkedListTest" time="0.002"/>
  <testcase name="shiftGetsAnElementFromTheList()" classname="DoublyLinkedListTest" time="0.001"/>
  <testcase name="popPushShiftUnshiftCanBeUsedInAnyOrder()" classname="DoublyLinkedListTest" time="0.008"/>
  <testcase name="shiftGetsFirstElementFromTheList()" classname="DoublyLinkedListTest" time="0.001"/>
  <testcase name="poppingToEmptyDoesNotBreakTheList()" classname="DoublyLinkedListTest" time="0.001"/>
  <system-out><![CDATA[]]></system-out>
  <system-err><![CDATA[]]></system-err>
</testsuite>
