<?xml version="1.0" encoding="UTF-8"?>
<testsuite name="RunLengthEncodingTest" tests="13" skipped="0" failures="0" errors="0" timestamp="2024-11-02T15:39:58" hostname="DESKTOP-IOCCQL8" time="0.27">
  <properties/>
  <testcase name="decodeWithOnlySingleValues()" classname="RunLengthEncodingTest" time="0.158"/>
  <testcase name="decodeWithMixedValues()" classname="RunLengthEncodingTest" time="0.007"/>
  <testcase name="decodeWithLowercaseValues()" classname="RunLengthEncodingTest" time="0.003"/>
  <testcase name="encodeThenDecode()" classname="RunLengthEncodingTest" time="0.022"/>
  <testcase name="encodeWithNoSingleValues()" classname="RunLengthEncodingTest" time="0.003"/>
  <testcase name="encodeWithMixedValues()" classname="RunLengthEncodingTest" time="0.004"/>
  <testcase name="encodeWithLowercaseValues()" classname="RunLengthEncodingTest" time="0.002"/>
  <testcase name="encodeWithWhitespaceValues()" classname="RunLengthEncodingTest" time="0.002"/>
  <testcase name="decodeWithNoSingleValues()" classname="RunLengthEncodingTest" time="0.001"/>
  <testcase name="decodeEmpty()" classname="RunLengthEncodingTest" time="0.002"/>
  <testcase name="encodeWithOnlySingleValues()" classname="RunLengthEncodingTest" time="0.001"/>
  <testcase name="decodeWithWhitespaceValues()" classname="RunLengthEncodingTest" time="0.001"/>
  <testcase name="encodeEmpty()" classname="RunLengthEncodingTest" time="0.005"/>
  <system-out><![CDATA[]]></system-out>
  <system-err><![CDATA[]]></system-err>
</testsuite>
