<?xml version="1.0" encoding="UTF-8"?>
<testsuite name="CustomSetTest" tests="40" skipped="0" failures="0" errors="0" timestamp="2024-11-10T23:33:16" hostname="DESKTOP-IOCCQL8" time="0.159">
  <properties/>
  <testcase name="setsWithElementsAreNotEmpty()" classname="CustomSetTest" time="0.072"/>
  <testcase name="intersectionOfTwoEmptySetsIsAnEmptySet()" classname="CustomSetTest" time="0.002"/>
  <testcase name="intersectionOfTwoSetsWithNoSharedElementsIsAnEmptySet()" classname="CustomSetTest" time="0.002"/>
  <testcase name="differenceOfAnEmptySetAndNonEmptySetIsAnEmptySet()" classname="CustomSetTest" time="0.001"/>
  <testcase name="setIsASubsetOfLargerSetWithSameElements()" classname="CustomSetTest" time="0.001"/>
  <testcase name="addToNonEmptySet()" classname="CustomSetTest" time="0.001"/>
  <testcase name="emptySetIsASubsetOfAnotherEmptySet()" classname="CustomSetTest" time="0.001"/>
  <testcase name="whenTheElementIsNotInTheSet()" classname="CustomSetTest" time="0.001"/>
  <testcase name="emptySetIsNotEqualToNonEmptySet()" classname="CustomSetTest" time="0.001"/>
  <testcase name="theEmptySetIsDisjointWithItself()" classname="CustomSetTest" time="0.002"/>
  <testcase name="setsAreDisjointIfTheyShareNoElements()" classname="CustomSetTest" time="0.001"/>
  <testcase name="unionOfTwoNonEmptySetsContainsAllUniqueElements()" classname="CustomSetTest" time="0.001"/>
  <testcase name="emptySetIsDisjointWithNonEmptySet()" classname="CustomSetTest" time="0.001"/>
  <testcase name="setsWithTheSameElementsAreEqual()" classname="CustomSetTest" time="0.001"/>
  <testcase name="nonEmptySetIsNotEqualToEmptySet()" classname="CustomSetTest" time="0.001"/>
  <testcase name="intersectionOfANonEmptySetAndAnEmptySetIsAnEmptySet()" classname="CustomSetTest" time="0.001"/>
  <testcase name="unionOfTwoEmptySetsIsAnEmptySet()" classname="CustomSetTest" time="0.001"/>
  <testcase name="secondSetWithDuplicatesIsEqualToFirstSet()" classname="CustomSetTest" time="0.0"/>
  <testcase name="differenceOfTwoNonEmptySetsIsASetOfElementsThatAreOnlyInTheFirstSet()" classname="CustomSetTest" time="0.001"/>
  <testcase name="setsAreNotDisjointIfTheyShareAnElement()" classname="CustomSetTest" time="0.001"/>
  <testcase name="unionOfAnEmptySetAndNonEmptySetIsTheNonEmptySet()" classname="CustomSetTest" time="0.001"/>
  <testcase name="differenceOfTwoEmptySetsIsAnEmptySet()" classname="CustomSetTest" time="0.001"/>
  <testcase name="differenceOfANonEmptySetAndAnEmptySetIsTheNonEmptySet()" classname="CustomSetTest" time="0.0"/>
  <testcase name="setsWithNoElementsAreEmpty()" classname="CustomSetTest" time="0.0"/>
  <testcase name="intersectionOfAnEmptySetAndNonEmptySetIsAnEmptySet()" classname="CustomSetTest" time="0.002"/>
  <testcase name="emptySetIsASubsetOfNonEmptySet()" classname="CustomSetTest" time="0.001"/>
  <testcase name="addToEmptySet()" classname="CustomSetTest" time="0.001"/>
  <testcase name="nonEmptySetIsDisjointWithEmptySet()" classname="CustomSetTest" time="0.001"/>
  <testcase name="setIsASubsetOfSetWithExactSameElements()" classname="CustomSetTest" time="0.001"/>
  <testcase name="addingAnExistingElementDoesNotChangeTheSet()" classname="CustomSetTest" time="0.001"/>
  <testcase name="setIsNotEqualToLargerSetWithSameElements()" classname="CustomSetTest" time="0.0"/>
  <testcase name="firstSetWithDuplicatesIsEqualToSecondSet()" classname="CustomSetTest" time="0.0"/>
  <testcase name="intersectionOfTwoSetsWithSharedElementsIsASetOfTheSharedElements()" classname="CustomSetTest" time="0.001"/>
  <testcase name="unionOfANonEmptySetAndAnEmptySetIsTheNonEmptySet()" classname="CustomSetTest" time="0.001"/>
  <testcase name="nonEmptySetIsNotASubsetOfEmptySet()" classname="CustomSetTest" time="0.001"/>
  <testcase name="emptySetsAreEqual()" classname="CustomSetTest" time="0.001"/>
  <testcase name="setIsNotASubsetOfSetThatDoesNotContainItsElements()" classname="CustomSetTest" time="0.0"/>
  <testcase name="whenTheElementIsInTheSet()" classname="CustomSetTest" time="0.001"/>
  <testcase name="setsWithDifferentElementsAreNotEqual()" classname="CustomSetTest" time="0.007"/>
  <testcase name="nothingIsContainedInAnEmptySet()" classname="CustomSetTest" time="0.001"/>
  <system-out><![CDATA[]]></system-out>
  <system-err><![CDATA[]]></system-err>
</testsuite>
