<?xml version="1.0" encoding="UTF-8"?>
<testsuite name="TournamentTest" tests="12" skipped="0" failures="0" errors="0" timestamp="2024-11-23T08:42:01" hostname="DESKTOP-IOCCQL8" time="0.109">
  <properties/>
  <testcase name="typicalInput()" classname="TournamentTest" time="0.068"/>
  <testcase name="incompleteCompetition()" classname="TournamentTest" time="0.003"/>
  <testcase name="justTheHeaderIfNoInput()" classname="TournamentTest" time="0.004"/>
  <testcase name="pointsSortedNumerically()" classname="TournamentTest" time="0.001"/>
  <testcase name="aWinCanAlsoBeExpressedAsALoss()" classname="TournamentTest" time="0.001"/>
  <testcase name="aDifferentTeamCanWin()" classname="TournamentTest" time="0.001"/>
  <testcase name="tiesBrokenAlphabetically()" classname="TournamentTest" time="0.001"/>
  <testcase name="aWinIsThreePointsALossIsZeroPoints()" classname="TournamentTest" time="0.002"/>
  <testcase name="thereCanBeMoreThanTwoTeams()" classname="TournamentTest" time="0.001"/>
  <testcase name="thereCanBeMoreThanOneMatch()" classname="TournamentTest" time="0.001"/>
  <testcase name="thereCanBeMoreThanOneWinner()" classname="TournamentTest" time="0.002"/>
  <testcase name="aDrawIsOnePointEach()" classname="TournamentTest" time="0.001"/>
  <system-out><![CDATA[]]></system-out>
  <system-err><![CDATA[]]></system-err>
</testsuite>
